2025-08-05 00:01:08,349 - INFO - googleapiclient.discovery_cache - line 49 - file_cache is only supported with oauth2client<4.0.0
2025-08-05 00:01:16,566 - INFO - googleapiclient.discovery_cache - line 49 - file_cache is only supported with oauth2client<4.0.0
2025-08-05 00:04:06,943 - INFO - google_auth_oauthlib.flow - line 476 - "GET /?state=z8b4iU3P0iNbgGcSYe4osjzHmPU03j&code=4/0AVMBsJi9wpTOFRp7lC6q-_vrI_6n2bPOOLpLerGlG9egahQlhhMtqSvvvkiyraSEAPtlpg&scope=https://www.googleapis.com/auth/calendar.readonly HTTP/1.1" 200 65
2025-08-05 00:04:07,648 - INFO - googleapiclient.discovery_cache - line 49 - file_cache is only supported with oauth2client<4.0.0
2025-08-05 00:04:37,949 - INFO - googleapiclient.discovery_cache - line 49 - file_cache is only supported with oauth2client<4.0.0
2025-08-05 00:04:55,558 - INFO - googleapiclient.discovery_cache - line 49 - file_cache is only supported with oauth2client<4.0.0
2025-08-05 00:05:56,807 - INFO - googleapiclient.discovery_cache - line 49 - file_cache is only supported with oauth2client<4.0.0
2025-08-05 00:08:28,497 - INFO - google_auth_oauthlib.flow - line 476 - "GET /?state=vn2yAjOTGogLDtO0aJAtjxA1n41gfN&code=4/0AVMBsJh_hFTf3fBbj9BDfVI3eoiQV6p7mKB9hl1XxhMNeHsWjpeANCyAntIRfLUfR0yRcA&scope=https://www.googleapis.com/auth/calendar.readonly HTTP/1.1" 200 65
2025-08-05 00:08:29,447 - INFO - googleapiclient.discovery_cache - line 49 - file_cache is only supported with oauth2client<4.0.0
2025-08-05 00:11:37,741 - INFO - google_auth_oauthlib.flow - line 476 - "GET /?state=Uj2H6ZsH2vXrePruOwb0NRasAHyWx0&code=4/0AVMBsJg3rZBXa9pfeDd4D6ml-s7inDwhN7nmePl_-roSKRuc1XHr-TnNjdsdT4prNQsDEg&scope=https://www.googleapis.com/auth/calendar.readonly HTTP/1.1" 200 65
2025-08-05 00:11:38,443 - INFO - googleapiclient.discovery_cache - line 49 - file_cache is only supported with oauth2client<4.0.0
2025-08-05 00:14:36,075 - INFO - google_auth_oauthlib.flow - line 476 - "GET /?state=udpsclaRkhrGb1ZNaj59i59C6OsdzP&code=4/0AVMBsJirUsXSCB5_aNaXECs-jmWPCRNoHFSmltjObHakoQo3L7QHcnbxUaaTZYTN5147dA&scope=https://www.googleapis.com/auth/calendar.readonly HTTP/1.1" 200 65
2025-08-05 00:14:37,210 - INFO - googleapiclient.discovery_cache - line 49 - file_cache is only supported with oauth2client<4.0.0
2025-08-05 00:21:03,841 - INFO - google_auth_oauthlib.flow - line 476 - "GET /?state=aSLLgsgjlrfyAqQeGGzPpbYJVlQQiu&code=4/0AVMBsJiXnrdF54YU9Xo0a5VV10-oZes-F0eyIHoQ5Td3i10RIsRlz2uuSqmeSEsHOFTdKg&scope=https://www.googleapis.com/auth/calendar.readonly HTTP/1.1" 200 65
2025-08-05 00:21:04,570 - INFO - googleapiclient.discovery_cache - line 49 - file_cache is only supported with oauth2client<4.0.0
2025-08-05 00:23:42,138 - INFO - google_auth_oauthlib.flow - line 476 - "GET /?state=53GBx1QNPyZQmKf3bqQZM0VmeSNuVC&code=4/0AVMBsJgVDlFXZFeU2H79_XDBjxyMY8mTQwiKhvQfCs25j7GUxyn0tv7ua0yKVfIzd_WoNw&scope=https://www.googleapis.com/auth/calendar.readonly HTTP/1.1" 200 65
2025-08-05 00:23:42,841 - INFO - googleapiclient.discovery_cache - line 49 - file_cache is only supported with oauth2client<4.0.0
2025-08-05 00:26:37,747 - INFO - google_auth_oauthlib.flow - line 476 - "GET /?state=4pbK8LtiVgrxs5CDu0qQT6K14vdSVY&code=4/0AVMBsJhMx116LvkZWDMYot0MGx8RC_37JERPnN3b9yjDv-1BkeRrAkr4I-WqDHl4J2EvBg&scope=https://www.googleapis.com/auth/calendar.readonly HTTP/1.1" 200 65
2025-08-05 00:26:38,475 - INFO - googleapiclient.discovery_cache - line 49 - file_cache is only supported with oauth2client<4.0.0
2025-08-05 00:37:52,015 - INFO - google_auth_oauthlib.flow - line 476 - "GET /?state=ZXyLrdgoxeN4cR3xMSJydjLMOJ6zpG&code=4/0AVMBsJjrfeGkslWjByiftpkqA27H2HS8yWm_xfm3U8KlDAw0P4GAdQ4EArw64OC9QQMTrg&scope=https://www.googleapis.com/auth/calendar.readonly HTTP/1.1" 200 65
2025-08-05 00:37:52,760 - INFO - googleapiclient.discovery_cache - line 49 - file_cache is only supported with oauth2client<4.0.0
2025-08-05 00:40:14,581 - INFO - google_auth_oauthlib.flow - line 476 - "GET /?state=Td6k3W3Kuvw7iYsnEw0nuSwucHkSYh&code=4/0AVMBsJiiFqLgZS8ibBmVshS-LwnFUH1Ir7vPGhQVlv03ZYzK-ST8pyZOkoM4dsUxISEWVg&scope=https://www.googleapis.com/auth/calendar.readonly HTTP/1.1" 200 65
2025-08-05 00:40:15,250 - INFO - googleapiclient.discovery_cache - line 49 - file_cache is only supported with oauth2client<4.0.0
2025-08-05 00:41:18,800 - INFO - google_auth_oauthlib.flow - line 476 - "GET /?state=t4WoOlsjcc6oVKIbciSBf9ANvYRICa&code=4/0AVMBsJjhIg8AEU-HJvxgUosoGWfpSVynLJSx7XPqgZz57w-zyUcZjq8NTw1Jks0Zk3e5rQ&scope=https://www.googleapis.com/auth/calendar.readonly HTTP/1.1" 200 65
2025-08-05 00:41:19,470 - INFO - googleapiclient.discovery_cache - line 49 - file_cache is only supported with oauth2client<4.0.0
2025-08-05 00:44:17,729 - INFO - google_auth_oauthlib.flow - line 476 - "GET /?state=ggEip0IN3Dg9HysNovWh3E5Hsg8PmY&code=4/0AVMBsJiy08H7jsavp_K7zLkE2hlXGjsZDQ7--V431vhWr0KNQHngCal9TAN5gGWBL-k6IQ&scope=https://www.googleapis.com/auth/calendar.readonly HTTP/1.1" 200 65
2025-08-05 00:44:19,603 - INFO - googleapiclient.discovery_cache - line 49 - file_cache is only supported with oauth2client<4.0.0
2025-08-05 00:45:50,801 - INFO - google_auth_oauthlib.flow - line 476 - "GET /?state=GT93I199K1WsXdXFusbpFa9U2OV0UV&code=4/0AVMBsJj5iCj37LNCUmDfXRvVHL0eSlKi-m_XY-dkFUq-NgSiLO4Rcfb72-_YxVBFpQ1seQ&scope=https://www.googleapis.com/auth/calendar.readonly HTTP/1.1" 200 65
2025-08-05 00:45:51,489 - INFO - googleapiclient.discovery_cache - line 49 - file_cache is only supported with oauth2client<4.0.0
2025-08-05 22:52:14,354 - INFO - google_auth_oauthlib.flow - line 476 - "GET /?state=xK0jTSGZ8SWSIfyWbjb6WodJQBYy1c&code=4/0AVMBsJiRIKvq3_fNbMi_HA1uL9hGpxGjrRBVx5splyl8mp7tiMjhqTcsIMZYwJ2vFuaPxQ&scope=https://www.googleapis.com/auth/calendar.readonly HTTP/1.1" 200 65
2025-08-05 22:52:15,212 - INFO - googleapiclient.discovery_cache - line 49 - file_cache is only supported with oauth2client<4.0.0
2025-08-05 23:05:50,667 - INFO - google_auth_oauthlib.flow - line 476 - "GET /?state=5xJb0hAiH7iPoVBDMXXXqyriOtttI5&code=4/0AVMBsJgUkQjcqM7hCnEGAf6V-yXqB8SS72zNCH6ZkKYQ2pDIQANM8vbrATBxQgOOhHZqFA&scope=https://www.googleapis.com/auth/calendar.readonly HTTP/1.1" 200 65
2025-08-05 23:24:23,707 - INFO - google_auth_oauthlib.flow - line 476 - "GET /?state=6YOyL4oPXJV9mAxaK09em2J58N8SzK&code=4/0AVMBsJgKokzr-d2n9hcIVHv82-1sBTiY-ZIf0ku6zqrulxTj0FJlAf7FcJdxdk1-9XQwvg&scope=https://www.googleapis.com/auth/calendar.readonly HTTP/1.1" 200 65
2025-08-05 23:24:24,470 - INFO - googleapiclient.discovery_cache - line 49 - file_cache is only supported with oauth2client<4.0.0
2025-08-05 23:24:40,462 - INFO - googleapiclient.discovery_cache - line 49 - file_cache is only supported with oauth2client<4.0.0
2025-08-05 23:29:02,341 - INFO - googleapiclient.discovery_cache - line 49 - file_cache is only supported with oauth2client<4.0.0
2025-08-05 23:34:02,184 - INFO - googleapiclient.discovery_cache - line 49 - file_cache is only supported with oauth2client<4.0.0
