2025-08-11 12:36:30,258 - INFO - gazetime.session - line 621 - Session 'Unnamed session' started.
Periods: [Period(name='Custom Period', duration=45m), Period(name='Custom Period', duration=45m), Period(name='Unnamed Period', duration=1h)]

2025-08-11 12:36:45,378 - INFO - gazetime.session - line 650 - Session 'Unnamed session': Stopped.
---
2025-08-11 12:39:59,782 - INFO - gazetime.session - line 622 - Session 'Unnamed session' started.
Periods: [Period(name='Custom Period', duration=45m), Period(name='Custom Period', duration=45m), Period(name='Unnamed Period', duration=1h)]

2025-08-11 12:40:19,145 - INFO - gazetime.session - line 651 - Session 'Unnamed session': Stopped.
---
2025-08-11 12:40:57,546 - INFO - gazetime.session - line 622 - Session 'Unnamed session' started.
Periods: [Period(name='Ade', duration=45m), Period(name='Kola', duration=45m), Period(name='Not scheduled', duration=1h)]

2025-08-11 12:41:58,398 - INFO - gazetime.session - line 651 - Session 'Unnamed session': Stopped.
---
2025-08-11 12:44:21,615 - INFO - gazetime.session - line 622 - Session 'Unnamed session' started.
Periods: [Period(name='Ade', duration=45m), Period(name='Kola', duration=45m), Period(name='Not scheduled', duration=1h)]

2025-08-11 12:44:35,482 - INFO - gazetime.session - line 651 - Session 'Unnamed session': Stopped.
---
2025-08-11 19:47:04,422 - INFO - gazetime.session - line 622 - Session 'Unnamed session' started.
Periods: [Period(name='Custom Period', duration=45m), Period(name='Unnamed Period', duration=1h), Period(name='Custom Period1', duration=45m)]

2025-08-11 19:47:21,266 - INFO - gazetime.session - line 651 - Session 'Unnamed session': Stopped.
---
2025-08-11 19:50:48,426 - INFO - gazetime.session - line 622 - Session 'Unnamed session' started.
Periods: [Period(name='Unnamed Period', duration=1h), Period(name='Custom Period', duration=45m)]

2025-08-11 19:51:11,437 - INFO - gazetime.session - line 651 - Session 'Unnamed session': Stopped.
---
2025-08-11 20:12:26,440 - INFO - gazetime.session - line 622 - Session 'Unnamed session' started.
Periods: [Period(name='Unnamed Period', duration=1h), Period(name='Custom Period', duration=45m)]

2025-08-11 20:12:48,374 - INFO - gazetime.session - line 651 - Session 'Unnamed session': Stopped.
---
2025-08-11 20:13:39,590 - INFO - gazetime.session - line 622 - Session 'Unnamed session' started.
Periods: [Period(name='Unnamed Period', duration=1h), Period(name='Custom Period', duration=45m)]

2025-08-11 20:14:12,388 - INFO - gazetime.session - line 651 - Session 'Unnamed session': Stopped.
---
2025-08-11 20:14:53,028 - INFO - gazetime.session - line 622 - Session 'Unnamed session' started.
Periods: [Period(name='Unnamed Period', duration=1h), Period(name='Custom Period', duration=45m)]

2025-08-11 20:17:17,941 - INFO - gazetime.session - line 651 - Session 'Unnamed session': Stopped.
---
2025-08-11 21:08:50,167 - INFO - gazetime.session - line 624 - Session 'Unnamed session' started.
Periods: [Period(name='Custom Period', duration=45m), Period(name='Custom Period', duration=45m), Period(name='Unnamed Period', duration=1h)]

2025-08-11 21:09:06,118 - INFO - gazetime.session - line 653 - Session 'Unnamed session': Stopped.
---
2025-08-11 21:33:11,340 - INFO - gazetime.session - line 622 - Session 'Unnamed session' started.
Periods: [Period(name='Custom Period', duration=45m), Period(name='Custom Period', duration=45m), Period(name='Unnamed Period', duration=1h)]

2025-08-11 21:43:53,661 - INFO - gazetime.session - line 624 - Session 'Unnamed session' started.
Periods: [Period(name='Custom Period', duration=45m), Period(name='Unnamed Period', duration=1h)]

2025-08-11 21:44:03,451 - INFO - gazetime.session - line 653 - Session 'Unnamed session': Stopped.
---
2025-08-11 21:48:36,826 - INFO - gazetime.session - line 621 - Session 'Unnamed session' started.
Periods: [Period(name='Custom Period', duration=45m), Period(name='Unnamed Period', duration=1h)]

2025-08-11 21:48:48,051 - INFO - gazetime.session - line 650 - Session 'Unnamed session': Stopped.
---
2025-08-11 21:49:51,413 - INFO - gazetime.session - line 621 - Session 'Unnamed session' started.
Periods: [Period(name='Custom Period', duration=45m), Period(name='Unnamed Period', duration=1h)]

2025-08-11 21:50:06,084 - INFO - gazetime.session - line 650 - Session 'Unnamed session': Stopped.
---
2025-08-11 21:51:09,411 - INFO - gazetime.session - line 621 - Session 'Unnamed session' started.
Periods: [Period(name='Custom Period', duration=45m), Period(name='Unnamed Period', duration=1h)]

2025-08-11 21:51:20,470 - INFO - gazetime.session - line 650 - Session 'Unnamed session': Stopped.
---
2025-08-11 21:53:18,207 - INFO - gazetime.session - line 622 - Session 'Unnamed session' started.
Periods: [Period(name='Custom Period', duration=45m), Period(name='Unnamed Period', duration=1h)]

2025-08-11 21:53:31,252 - INFO - gazetime.session - line 651 - Session 'Unnamed session': Stopped.
---
2025-08-11 21:54:56,346 - INFO - gazetime.session - line 622 - Session 'Unnamed session' started.
Periods: [Period(name='Custom Period', duration=45m), Period(name='Unnamed Period', duration=1h)]

2025-08-11 22:05:26,804 - INFO - gazetime.session - line 622 - Session 'Unnamed session' started.
Periods: [Period(name='Custom Period', duration=45m), Period(name='Unnamed Period', duration=1h)]

2025-08-11 22:06:59,004 - INFO - gazetime.session - line 651 - Session 'Unnamed session': Stopped.
---
2025-08-11 22:50:50,701 - INFO - gazetime.session - line 627 - Session 'Unnamed session' started.
Periods: [Period(name='Custom Period', duration=45m), Period(name='Custom Period', duration=45m), Period(name='Unnamed Period', duration=1h)]

2025-08-11 22:51:03,016 - INFO - gazetime.session - line 656 - Session 'Unnamed session': Stopped.
---
2025-08-11 22:52:40,812 - INFO - gazetime.session - line 627 - Session 'Unnamed session' started.
Periods: [Period(name='Custom Period', duration=45m), Period(name='Custom Period', duration=45m), Period(name='Unnamed Period', duration=1h)]

2025-08-11 22:52:51,541 - INFO - gazetime.session - line 656 - Session 'Unnamed session': Stopped.
---
2025-08-11 22:54:20,981 - INFO - gazetime.session - line 623 - Session 'Unnamed session' started.
Periods: [Period(name='Custom Period', duration=45m), Period(name='Custom Period', duration=45m), Period(name='Unnamed Period', duration=1h)]

2025-08-11 22:57:45,481 - INFO - gazetime.session - line 652 - Session 'Unnamed session': Stopped.
---
2025-08-11 23:01:02,813 - INFO - gazetime.session - line 621 - Session 'Unnamed session' started.
Periods: [Period(name='1', duration=45m), Period(name='2', duration=45m), Period(name='3', duration=1h), Period(name='4', duration=45m)]

2025-08-11 23:07:06,257 - INFO - gazetime.session - line 650 - Session 'Unnamed session': Stopped.
---
2025-08-11 23:53:34,025 - INFO - gazetime.session - line 620 - Session 'Unnamed session' started.
Periods: [Period(name='Custom Period', duration=45m), Period(name='Custom Period', duration=45m), Period(name='Unnamed Period', duration=1h), Period(name='Custom Period', duration=45m)]

2025-08-11 23:53:54,133 - INFO - gazetime.session - line 649 - Session 'Unnamed session': Stopped.
---
2025-08-11 23:54:11,329 - INFO - gazetime.session - line 620 - Session 'Unnamed session' started.
Periods: [Period(name='Custom Period', duration=45m), Period(name='Custom Period', duration=45m), Period(name='Unnamed Period', duration=1h), Period(name='Custom Period', duration=45m)]

2025-08-11 23:54:17,828 - INFO - gazetime.session - line 649 - Session 'Unnamed session': Stopped.
---
2025-08-11 23:55:40,241 - INFO - gazetime.session - line 620 - Session 'Unnamed session' started.
Periods: [Period(name='Unnamed Period', duration=1h), Period(name='Custom Period', duration=45m), Period(name='Custom Period', duration=45m), Period(name='Unnamed Period', duration=1h), Period(name='Custom Period', duration=45m)]

2025-08-11 23:56:19,077 - INFO - gazetime.session - line 649 - Session 'Unnamed session': Stopped.
---
2025-08-11 23:57:13,601 - INFO - gazetime.session - line 620 - Session 'Unnamed session' started.
Periods: [Period(name='2', duration=45m), Period(name='1', duration=1h), Period(name='Custom Period', duration=45m)]

2025-08-11 23:59:41,898 - INFO - gazetime.session - line 649 - Session 'Unnamed session': Stopped.
---
