2025-08-16 17:39:28,444 - ERROR - gazetime.session - line 323 - Error loading events from google service: 'Event' object has no attribute 'is_completed'
2025-08-16 18:25:36,945 - ERROR - gazetime.session - line 331 - Error loading events from google service: object list can't be used in 'await' expression
2025-08-16 20:27:31,582 - WARNING - gazetime.session - line 390 - Service google is not authenticated.
2025-08-16 20:28:54,990 - WARNING - gazetime.session - line 382 - Service google is not authenticated.
2025-08-16 20:29:52,926 - WARNING - gazetime.session - line 382 - Service google is not authenticated.
2025-08-16 21:42:30,844 - INFO - gazetime.session - line 217 - Started event: Just for testing
2025-08-16 21:42:30,855 - INFO - gazetime.session - line 119 - Notification sent for event: Just for testing
2025-08-16 21:42:43,756 - INFO - gazetime.session - line 228 - Paused event: Just for testing
2025-08-16 21:42:51,068 - INFO - gazetime.session - line 205 - Skipped event: Just for testing
2025-08-16 21:43:35,828 - INFO - gazetime.session - line 217 - Started event: Just for testing
2025-08-16 21:43:35,836 - INFO - gazetime.session - line 119 - Notification sent for event: Just for testing
2025-08-16 21:45:29,797 - INFO - gazetime.session - line 228 - Paused event: Just for testing
2025-08-16 21:50:05,915 - INFO - gazetime.session - line 217 - Started event: Just for testing
2025-08-16 21:50:05,931 - INFO - gazetime.session - line 119 - Notification sent for event: Just for testing
2025-08-16 21:50:10,719 - INFO - gazetime.session - line 228 - Paused event: Just for testing
2025-08-16 21:50:18,253 - INFO - gazetime.session - line 217 - Started event: Just for testing
2025-08-16 21:50:18,254 - INFO - gazetime.session - line 119 - Notification sent for event: Just for testing
2025-08-16 21:50:33,392 - INFO - gazetime.session - line 228 - Paused event: Just for testing
2025-08-16 21:52:33,982 - INFO - gazetime.session - line 217 - Started event: Just for testing
2025-08-16 21:52:33,995 - INFO - gazetime.session - line 119 - Notification sent for event: Just for testing
2025-08-16 21:52:41,908 - INFO - gazetime.session - line 228 - Paused event: Just for testing
2025-08-16 21:53:10,121 - INFO - gazetime.session - line 217 - Started event: Just for testing
2025-08-16 21:53:10,127 - INFO - gazetime.session - line 119 - Notification sent for event: Just for testing
2025-08-16 21:53:17,232 - INFO - gazetime.session - line 228 - Paused event: Just for testing
2025-08-16 21:53:19,131 - INFO - gazetime.session - line 205 - Skipped event: Just for testing
2025-08-16 21:54:01,370 - INFO - gazetime.session - line 217 - Started event: Just for testing
2025-08-16 21:54:01,378 - INFO - gazetime.session - line 119 - Notification sent for event: Just for testing
2025-08-16 21:54:04,247 - INFO - gazetime.session - line 228 - Paused event: Just for testing
2025-08-16 21:54:05,557 - INFO - gazetime.session - line 205 - Skipped event: Just for testing
2025-08-16 22:06:23,865 - INFO - gazetime.session - line 217 - Started event: Just for testing
2025-08-16 22:06:23,886 - INFO - gazetime.session - line 119 - Notification sent for event: Just for testing
2025-08-16 22:06:28,862 - INFO - gazetime.session - line 217 - Started event: Just for testing
2025-08-16 22:06:28,863 - INFO - gazetime.session - line 119 - Notification sent for event: Just for testing
2025-08-16 22:07:11,802 - INFO - gazetime.session - line 217 - Started event: Just for testing
2025-08-16 22:07:11,809 - INFO - gazetime.session - line 119 - Notification sent for event: Just for testing
2025-08-16 22:07:32,663 - INFO - gazetime.session - line 217 - Started event: Just for testing
2025-08-16 22:07:32,664 - INFO - gazetime.session - line 119 - Notification sent for event: Just for testing
2025-08-16 22:07:42,917 - INFO - gazetime.session - line 205 - Skipped event: Just for testing
2025-08-16 22:10:15,417 - INFO - gazetime.session - line 205 - Skipped event: Just for testing
2025-08-16 22:12:04,577 - INFO - gazetime.session - line 217 - Started event: Just for testing
2025-08-16 22:12:04,585 - INFO - gazetime.session - line 119 - Notification sent for event: Just for testing
2025-08-16 22:12:07,602 - WARNING - gazetime.session - line 230 - Current event is not running or not set.
2025-08-16 22:12:10,570 - INFO - gazetime.session - line 217 - Started event: Just for testing
2025-08-16 22:12:10,571 - INFO - gazetime.session - line 119 - Notification sent for event: Just for testing
2025-08-16 22:12:15,065 - INFO - gazetime.session - line 205 - Skipped event: Just for testing
2025-08-16 22:13:33,627 - INFO - gazetime.session - line 424 - Button Skip color changed to #FF5722
2025-08-16 22:13:34,335 - INFO - gazetime.session - line 424 - Button Skip color changed to #B0BEC5
2025-08-16 22:13:35,028 - INFO - gazetime.session - line 424 - Button Skip color changed to #FF5722
2025-08-16 22:13:35,106 - INFO - gazetime.session - line 424 - Button Skip color changed to #B0BEC5
2025-08-16 22:13:35,110 - INFO - gazetime.session - line 424 - Button Skip color changed to #FF5722
2025-08-16 22:13:35,445 - INFO - gazetime.session - line 424 - Button Skip color changed to #B0BEC5
2025-08-16 22:13:35,453 - INFO - gazetime.session - line 424 - Button Skip color changed to #FF5722
2025-08-16 22:13:35,498 - INFO - gazetime.session - line 424 - Button Skip color changed to #B0BEC5
2025-08-16 22:13:36,834 - INFO - gazetime.session - line 424 - Button Skip color changed to #FF5722
2025-08-16 22:13:36,901 - INFO - gazetime.session - line 424 - Button Skip color changed to #B0BEC5
2025-08-16 22:13:36,906 - INFO - gazetime.session - line 424 - Button Skip color changed to #FF5722
2025-08-16 22:13:37,433 - INFO - gazetime.session - line 424 - Button Skip color changed to #B0BEC5
2025-08-16 22:13:37,442 - INFO - gazetime.session - line 424 - Button Skip color changed to #FF5722
2025-08-16 22:13:37,457 - INFO - gazetime.session - line 424 - Button Skip color changed to #B0BEC5
2025-08-16 22:13:37,906 - INFO - gazetime.session - line 424 - Button Skip color changed to #FF5722
2025-08-16 22:13:37,963 - INFO - gazetime.session - line 424 - Button Skip color changed to #B0BEC5
2025-08-16 22:13:37,968 - INFO - gazetime.session - line 424 - Button Skip color changed to #FF5722
2025-08-16 22:13:38,427 - INFO - gazetime.session - line 424 - Button Skip color changed to #B0BEC5
2025-08-16 22:13:38,434 - INFO - gazetime.session - line 424 - Button Skip color changed to #FF5722
2025-08-16 22:13:38,464 - INFO - gazetime.session - line 424 - Button Skip color changed to #B0BEC5
2025-08-16 22:15:04,338 - INFO - gazetime.session - line 424 - Button Skip color changed to #B0BEC5
2025-08-16 22:15:04,426 - INFO - gazetime.session - line 424 - Button Skip color changed to #263238
2025-08-16 22:15:04,434 - INFO - gazetime.session - line 424 - Button Skip color changed to #B0BEC5
2025-08-16 22:15:04,456 - INFO - gazetime.session - line 424 - Button Skip color changed to #263238
2025-08-16 22:15:04,459 - INFO - gazetime.session - line 424 - Button Skip color changed to #B0BEC5
2025-08-16 22:15:04,763 - INFO - gazetime.session - line 424 - Button Skip color changed to #263238
2025-08-16 22:15:04,766 - INFO - gazetime.session - line 424 - Button Skip color changed to #B0BEC5
2025-08-16 22:15:04,871 - INFO - gazetime.session - line 424 - Button Skip color changed to #263238
2025-08-16 22:15:04,873 - INFO - gazetime.session - line 424 - Button Skip color changed to #B0BEC5
2025-08-16 22:15:04,896 - INFO - gazetime.session - line 424 - Button Skip color changed to #263238
2025-08-16 22:15:05,235 - INFO - gazetime.session - line 424 - Button Skip color changed to #B0BEC5
2025-08-16 22:15:06,664 - INFO - gazetime.session - line 424 - Button Skip color changed to #263238
2025-08-16 22:15:07,362 - INFO - gazetime.session - line 424 - Button Skip color changed to #B0BEC5
2025-08-16 22:15:07,930 - INFO - gazetime.session - line 424 - Button Skip color changed to #263238
2025-08-16 22:15:09,259 - INFO - gazetime.session - line 424 - Button Skip color changed to #B0BEC5
2025-08-16 22:15:09,829 - INFO - gazetime.session - line 424 - Button Skip color changed to #263238
2025-08-16 22:15:11,261 - INFO - gazetime.session - line 424 - Button Skip color changed to #B0BEC5
2025-08-16 22:15:11,677 - INFO - gazetime.session - line 424 - Button Skip color changed to #263238
2025-08-16 22:15:13,264 - INFO - gazetime.session - line 424 - Button Skip color changed to #B0BEC5
2025-08-16 22:15:13,670 - INFO - gazetime.session - line 424 - Button Skip color changed to #263238
2025-08-16 22:22:06,175 - ERROR - gazetime.session - line 453 - Error loading events from google service: [WinError 10054] An existing connection was forcibly closed by the remote host
2025-08-16 22:25:47,742 - INFO - gazetime.session - line 217 - Started event: Just for testing
2025-08-16 22:25:47,763 - INFO - gazetime.session - line 119 - Notification sent for event: Just for testing
2025-08-16 22:28:33,887 - INFO - gazetime.session - line 217 - Started event: Just for testing
2025-08-16 22:28:33,895 - INFO - gazetime.session - line 119 - Notification sent for event: Just for testing
2025-08-16 22:28:48,149 - INFO - gazetime.session - line 217 - Started event: Just for testing
2025-08-16 22:28:48,150 - INFO - gazetime.session - line 119 - Notification sent for event: Just for testing
2025-08-16 22:28:50,879 - INFO - gazetime.session - line 205 - Skipped event: Just for testing
2025-08-16 22:30:50,199 - INFO - gazetime.session - line 217 - Started event: Another one
2025-08-16 22:30:50,206 - INFO - gazetime.session - line 119 - Notification sent for event: Another one
2025-08-16 22:30:53,914 - INFO - gazetime.session - line 228 - Paused event: Another one
2025-08-16 22:30:54,919 - INFO - gazetime.session - line 205 - Skipped event: Another one
2025-08-16 22:30:58,754 - INFO - gazetime.session - line 217 - Started event: Another one
2025-08-16 22:30:58,755 - INFO - gazetime.session - line 119 - Notification sent for event: Another one
2025-08-16 22:31:02,815 - WARNING - gazetime.session - line 220 - Current event is already running or not set.
2025-08-16 22:31:12,098 - WARNING - gazetime.session - line 220 - Current event is already running or not set.
2025-08-16 22:31:16,054 - INFO - gazetime.session - line 205 - Skipped event: Another one
2025-08-16 22:31:36,967 - INFO - gazetime.session - line 217 - Started event: Another one
2025-08-16 22:31:36,973 - INFO - gazetime.session - line 119 - Notification sent for event: Another one
2025-08-16 22:31:42,946 - INFO - gazetime.session - line 205 - Skipped event: Another one
2025-08-16 22:44:26,224 - INFO - gazetime.session - line 217 - Started event: A task
2025-08-16 22:44:26,244 - INFO - gazetime.session - line 119 - Notification sent for event: A task
2025-08-16 22:44:29,252 - INFO - gazetime.session - line 228 - Paused event: A task
2025-08-16 22:44:31,080 - INFO - gazetime.session - line 205 - Skipped event: A task
2025-08-16 22:45:57,051 - INFO - gazetime.session - line 217 - Started event: A task
2025-08-16 22:45:57,058 - INFO - gazetime.session - line 119 - Notification sent for event: A task
2025-08-16 22:46:03,057 - INFO - gazetime.session - line 205 - Skipped event: A task
2025-08-16 22:46:06,848 - INFO - gazetime.session - line 205 - Skipped event: A task
2025-08-16 22:46:08,600 - INFO - gazetime.session - line 205 - Skipped event: A task
2025-08-16 23:01:07,088 - INFO - gazetime.session - line 217 - Started event: A task
2025-08-16 23:01:07,100 - INFO - gazetime.session - line 119 - Notification sent for event: A task
2025-08-16 23:01:16,668 - INFO - gazetime.session - line 228 - Paused event: A task
